빌드 시작: 2017-03-27 오후 6:53:42
     1>2 노드의 "E:\설프B\Project 1\[Project 1] 2015104220_정종윤\2015104220_정종윤_1\2015104220_정종윤_1.vcxproj" 프로젝트(Build 대상)입니다.
     1>ClCompile:
         C:\Program Files (x86)\Microsoft Visual Studio 12.0\VC\bin\CL.exe /c /ZI /nologo /W3 /WX- /Od /Oy- /D WIN32 /D _DEBUG /D _CONSOLE /D _UNICODE /D UNICODE /Gm /EHsc /RTC1 /MDd /GS /fp:precise /Zc:wchar_t /Zc:forScope /Fo"Debug\\" /Fd"Debug\vc120.pdb" /Gd /TP /analyze- /errorReport:prompt App.cpp AttackBehavior.cpp Blastoise.cpp Bulbasaur.cpp Charizard.cpp Magikarp.cpp Main.cpp Metapod.cpp Pidgey.cpp Pokemon.cpp PokemonFactory.cpp RestBehavior.cpp SkillBehavior.cpp TurnBehavior.cpp
         TurnBehavior.cpp
         SkillBehavior.cpp
         RestBehavior.cpp
         PokemonFactory.cpp
         Pokemon.cpp
         Pidgey.cpp
         Metapod.cpp
         Main.cpp
         Magikarp.cpp
         Charizard.cpp
         Bulbasaur.cpp
         Blastoise.cpp
     1>e:\설프b\project 1\[project 1] 2015104220_정종윤\2015104220_정종윤_1\blastoise.cpp(31): warning C4244: '초기화 중' : 'float'에서 'int'(으)로 변환하면서 데이터가 손실될 수 있습니다.
     1>e:\설프b\project 1\[project 1] 2015104220_정종윤\2015104220_정종윤_1\blastoise.cpp(37): warning C4244: '=' : 'double'에서 'int'(으)로 변환하면서 데이터가 손실될 수 있습니다.
         AttackBehavior.cpp
     1>e:\설프b\project 1\[project 1] 2015104220_정종윤\2015104220_정종윤_1\attackbehavior.cpp(29): warning C4244: '초기화 중' : 'float'에서 'int'(으)로 변환하면서 데이터가 손실될 수 있습니다.
     1>e:\설프b\project 1\[project 1] 2015104220_정종윤\2015104220_정종윤_1\attackbehavior.cpp(37): warning C4244: 'return' : 'float'에서 'int'(으)로 변환하면서 데이터가 손실될 수 있습니다.
         App.cpp
         코드를 생성하고 있습니다...
       Link:
         C:\Program Files (x86)\Microsoft Visual Studio 12.0\VC\bin\link.exe /ERRORREPORT:PROMPT /OUT:"E:\설프B\Project 1\[Project 1] 2015104220_정종윤\Debug\[Project 1] 2015104220_정종윤.exe" /INCREMENTAL /NOLOGO kernel32.lib user32.lib gdi32.lib winspool.lib comdlg32.lib advapi32.lib shell32.lib ole32.lib oleaut32.lib uuid.lib odbc32.lib odbccp32.lib /MANIFEST /MANIFESTUAC:"level='asInvoker' uiAccess='false'" /manifest:embed /DEBUG /PDB:"E:\설프B\Project 1\[Project 1] 2015104220_정종윤\Debug\[Project 1] 2015104220_정종윤.pdb" /SUBSYSTEM:CONSOLE /TLBID:1 /DYNAMICBASE /NXCOMPAT /IMPLIB:"E:\설프B\Project 1\[Project 1] 2015104220_정종윤\Debug\[Project 1] 2015104220_정종윤.lib" /MACHINE:X86 Debug\App.obj
         Debug\AttackBehavior.obj
         Debug\Blastoise.obj
         Debug\Bulbasaur.obj
         Debug\Charizard.obj
         Debug\Magikarp.obj
         Debug\Main.obj
         Debug\Metapod.obj
         Debug\Pidgey.obj
         Debug\Pokemon.obj
         Debug\PokemonFactory.obj
         Debug\RestBehavior.obj
         Debug\SkillBehavior.obj
         Debug\TurnBehavior.obj
         2015104220_정종윤_1.vcxproj -> E:\설프B\Project 1\[Project 1] 2015104220_정종윤\Debug\[Project 1] 2015104220_정종윤.exe
     1>"E:\설프B\Project 1\[Project 1] 2015104220_정종윤\2015104220_정종윤_1\2015104220_정종윤_1.vcxproj" 프로젝트를 빌드했습니다(Build 대상).

빌드했습니다.

경과 시간: 00:00:20.80
